--- Starting Slurm Job: Magno_Transform_All (ID: 62089) ---
Running on host: mind-1-15
Allocated GPUs: 
Job started at: Thu Aug  7 06:56:42 EDT 2025
Loading modules...
ERROR: Unable to locate a modulefile for 'anaconda3'
ERROR: Unable to locate a modulefile for 'cuda'
Activating Conda environment: drawings
Python executable: /home/horaja/.conda/envs/drawings/bin/python
----------------------------------------
Processing subdirectory: train
Input from: /user_data/horaja/workspace/dual-stream-vlm/encoder/data/raw_dataset/train/
Output to: /user_data/horaja/workspace/dual-stream-vlm/encoder/data/preprocessed/magno_images/train/
----------------------------------------
Output will be saved to: /user_data/horaja/workspace/dual-stream-vlm/encoder/data/preprocessed/magno_images/train/
Error: No images found in /user_data/horaja/workspace/dual-stream-vlm/encoder/data/raw_dataset/train/
--- Finished processing train ---
----------------------------------------
Processing subdirectory: val
Input from: /user_data/horaja/workspace/dual-stream-vlm/encoder/data/raw_dataset/val/
Output to: /user_data/horaja/workspace/dual-stream-vlm/encoder/data/preprocessed/magno_images/val/
----------------------------------------
Output will be saved to: /user_data/horaja/workspace/dual-stream-vlm/encoder/data/preprocessed/magno_images/val/
Error: No images found in /user_data/horaja/workspace/dual-stream-vlm/encoder/data/raw_dataset/val/
--- Finished processing val ---
--- All Python scripts completed ---
Job finished at: Thu Aug  7 06:56:44 EDT 2025
--- Slurm Job Finished ---
