--- Starting Slurm Job: SelectiveMagnoViT_Train (ID: 62121) ---
Running on host: mind-1-19
Allocated GPUs: 0
Job started at: Thu Aug  7 11:14:40 EDT 2025
Loading modules...
Activating Conda environment: drawings
Python executable: /home/horaja/.conda/envs/drawings/bin/python
----------------------------------------
--- Starting full training run... ---
Using device: cuda
Loading training data...
Found 9469 images in 'train' split.
Found 10 classes.
Loading validation data...
Found 3925 images in 'val' split.
Found 10 classes.
Number of classes: 10
Initializing model...
--- Starting Training ---
Epoch 1/50 | Train Loss: 1.2213, Train Acc: 0.6030 | Val Loss: 1.1758, Val Acc: 0.5952 | Duration: 84.11s
New best model saved to models/checkpoints/best_model_pp0.3.pth with accuracy: 0.5952
Epoch 2/50 | Train Loss: 0.7472, Train Acc: 0.7559 | Val Loss: 1.1686, Val Acc: 0.6318 | Duration: 85.83s
New best model saved to models/checkpoints/best_model_pp0.3.pth with accuracy: 0.6318
Epoch 3/50 | Train Loss: 0.6481, Train Acc: 0.7882 | Val Loss: 0.9700, Val Acc: 0.6871 | Duration: 87.04s
New best model saved to models/checkpoints/best_model_pp0.3.pth with accuracy: 0.6871
Epoch 4/50 | Train Loss: 0.5910, Train Acc: 0.8072 | Val Loss: 1.2560, Val Acc: 0.6094 | Duration: 87.43s
Epoch 5/50 | Train Loss: 0.5460, Train Acc: 0.8209 | Val Loss: 1.0387, Val Acc: 0.6734 | Duration: 87.69s
Epoch 6/50 | Train Loss: 0.5003, Train Acc: 0.8332 | Val Loss: 1.0148, Val Acc: 0.6729 | Duration: 88.00s
Epoch 7/50 | Train Loss: 0.4610, Train Acc: 0.8483 | Val Loss: 1.1603, Val Acc: 0.6532 | Duration: 87.96s
Epoch 8/50 | Train Loss: 0.4266, Train Acc: 0.8556 | Val Loss: 1.0081, Val Acc: 0.6752 | Duration: 87.98s
Epoch 9/50 | Train Loss: 0.4106, Train Acc: 0.8650 | Val Loss: 1.2232, Val Acc: 0.6438 | Duration: 87.88s
Epoch 10/50 | Train Loss: 0.4063, Train Acc: 0.8655 | Val Loss: 1.1070, Val Acc: 0.6716 | Duration: 87.84s
Epoch 11/50 | Train Loss: 0.2039, Train Acc: 0.9336 | Val Loss: 0.9016, Val Acc: 0.7376 | Duration: 87.90s
New best model saved to models/checkpoints/best_model_pp0.3.pth with accuracy: 0.7376
Epoch 12/50 | Train Loss: 0.1397, Train Acc: 0.9550 | Val Loss: 0.8868, Val Acc: 0.7524 | Duration: 87.78s
New best model saved to models/checkpoints/best_model_pp0.3.pth with accuracy: 0.7524
Epoch 13/50 | Train Loss: 0.1123, Train Acc: 0.9651 | Val Loss: 0.9155, Val Acc: 0.7541 | Duration: 87.66s
New best model saved to models/checkpoints/best_model_pp0.3.pth with accuracy: 0.7541
Epoch 14/50 | Train Loss: 0.0909, Train Acc: 0.9680 | Val Loss: 0.9513, Val Acc: 0.7567 | Duration: 88.22s
New best model saved to models/checkpoints/best_model_pp0.3.pth with accuracy: 0.7567
Epoch 15/50 | Train Loss: 0.0861, Train Acc: 0.9726 | Val Loss: 0.9803, Val Acc: 0.7577 | Duration: 88.09s
New best model saved to models/checkpoints/best_model_pp0.3.pth with accuracy: 0.7577
Epoch 16/50 | Train Loss: 0.0785, Train Acc: 0.9745 | Val Loss: 1.0003, Val Acc: 0.7531 | Duration: 88.14s
Epoch 17/50 | Train Loss: 0.0707, Train Acc: 0.9767 | Val Loss: 1.0205, Val Acc: 0.7620 | Duration: 88.06s
New best model saved to models/checkpoints/best_model_pp0.3.pth with accuracy: 0.7620
Epoch 18/50 | Train Loss: 0.0693, Train Acc: 0.9781 | Val Loss: 1.0370, Val Acc: 0.7552 | Duration: 88.33s
Epoch 19/50 | Train Loss: 0.0566, Train Acc: 0.9808 | Val Loss: 1.0727, Val Acc: 0.7603 | Duration: 88.15s
Epoch 20/50 | Train Loss: 0.0618, Train Acc: 0.9798 | Val Loss: 1.0325, Val Acc: 0.7603 | Duration: 87.99s
Epoch 21/50 | Train Loss: 0.0441, Train Acc: 0.9843 | Val Loss: 1.0232, Val Acc: 0.7676 | Duration: 87.94s
New best model saved to models/checkpoints/best_model_pp0.3.pth with accuracy: 0.7676
Epoch 22/50 | Train Loss: 0.0411, Train Acc: 0.9860 | Val Loss: 1.0238, Val Acc: 0.7712 | Duration: 88.19s
New best model saved to models/checkpoints/best_model_pp0.3.pth with accuracy: 0.7712
Epoch 23/50 | Train Loss: 0.0401, Train Acc: 0.9868 | Val Loss: 1.0330, Val Acc: 0.7679 | Duration: 88.48s
Epoch 24/50 | Train Loss: 0.0386, Train Acc: 0.9883 | Val Loss: 1.0354, Val Acc: 0.7684 | Duration: 88.43s
Epoch 25/50 | Train Loss: 0.0361, Train Acc: 0.9889 | Val Loss: 1.0522, Val Acc: 0.7692 | Duration: 88.48s
Epoch 26/50 | Train Loss: 0.0369, Train Acc: 0.9891 | Val Loss: 1.0583, Val Acc: 0.7682 | Duration: 88.11s
Epoch 27/50 | Train Loss: 0.0358, Train Acc: 0.9882 | Val Loss: 1.0597, Val Acc: 0.7710 | Duration: 88.61s
Epoch 28/50 | Train Loss: 0.0356, Train Acc: 0.9886 | Val Loss: 1.0657, Val Acc: 0.7712 | Duration: 88.51s
Epoch 29/50 | Train Loss: 0.0355, Train Acc: 0.9890 | Val Loss: 1.0699, Val Acc: 0.7712 | Duration: 88.34s
Epoch 30/50 | Train Loss: 0.0333, Train Acc: 0.9891 | Val Loss: 1.0722, Val Acc: 0.7745 | Duration: 88.61s
New best model saved to models/checkpoints/best_model_pp0.3.pth with accuracy: 0.7745
Epoch 31/50 | Train Loss: 0.0321, Train Acc: 0.9902 | Val Loss: 1.0719, Val Acc: 0.7755 | Duration: 88.44s
New best model saved to models/checkpoints/best_model_pp0.3.pth with accuracy: 0.7755
Epoch 32/50 | Train Loss: 0.0343, Train Acc: 0.9882 | Val Loss: 1.0730, Val Acc: 0.7758 | Duration: 88.51s
New best model saved to models/checkpoints/best_model_pp0.3.pth with accuracy: 0.7758
Epoch 33/50 | Train Loss: 0.0314, Train Acc: 0.9907 | Val Loss: 1.0743, Val Acc: 0.7753 | Duration: 88.36s
Epoch 34/50 | Train Loss: 0.0305, Train Acc: 0.9892 | Val Loss: 1.0748, Val Acc: 0.7748 | Duration: 88.58s
Epoch 35/50 | Train Loss: 0.0314, Train Acc: 0.9886 | Val Loss: 1.0757, Val Acc: 0.7755 | Duration: 88.04s
Epoch 36/50 | Train Loss: 0.0294, Train Acc: 0.9907 | Val Loss: 1.0768, Val Acc: 0.7743 | Duration: 87.82s
Epoch 37/50 | Train Loss: 0.0319, Train Acc: 0.9890 | Val Loss: 1.0776, Val Acc: 0.7750 | Duration: 87.56s
Epoch 38/50 | Train Loss: 0.0325, Train Acc: 0.9899 | Val Loss: 1.0776, Val Acc: 0.7748 | Duration: 87.76s
Epoch 39/50 | Train Loss: 0.0325, Train Acc: 0.9890 | Val Loss: 1.0777, Val Acc: 0.7755 | Duration: 87.56s
Epoch 40/50 | Train Loss: 0.0275, Train Acc: 0.9903 | Val Loss: 1.0777, Val Acc: 0.7755 | Duration: 87.69s
Epoch 41/50 | Train Loss: 0.0321, Train Acc: 0.9894 | Val Loss: 1.0778, Val Acc: 0.7758 | Duration: 87.53s
Epoch 42/50 | Train Loss: 0.0291, Train Acc: 0.9907 | Val Loss: 1.0780, Val Acc: 0.7755 | Duration: 87.58s
Epoch 43/50 | Train Loss: 0.0290, Train Acc: 0.9908 | Val Loss: 1.0782, Val Acc: 0.7755 | Duration: 87.65s
Epoch 44/50 | Train Loss: 0.0311, Train Acc: 0.9903 | Val Loss: 1.0782, Val Acc: 0.7755 | Duration: 87.91s
Epoch 45/50 | Train Loss: 0.0318, Train Acc: 0.9891 | Val Loss: 1.0784, Val Acc: 0.7755 | Duration: 88.07s
Epoch 46/50 | Train Loss: 0.0321, Train Acc: 0.9892 | Val Loss: 1.0784, Val Acc: 0.7755 | Duration: 87.79s
Epoch 47/50 | Train Loss: 0.0303, Train Acc: 0.9909 | Val Loss: 1.0786, Val Acc: 0.7755 | Duration: 87.73s
Epoch 48/50 | Train Loss: 0.0321, Train Acc: 0.9885 | Val Loss: 1.0786, Val Acc: 0.7758 | Duration: 87.84s
Epoch 49/50 | Train Loss: 0.0323, Train Acc: 0.9897 | Val Loss: 1.0787, Val Acc: 0.7753 | Duration: 87.65s
Epoch 50/50 | Train Loss: 0.0309, Train Acc: 0.9908 | Val Loss: 1.0788, Val Acc: 0.7753 | Duration: 88.17s
--- Finished Training ---
Best validation accuracy: 0.7758
--- Training script finished. ---
Job finished at: Thu Aug  7 12:28:15 EDT 2025
--- Slurm Job Finished ---
