--- Starting Slurm Job: SelectiveMagnoViT_Train (ID: 62098) ---
Running on host: mind-1-19
Allocated GPUs: 0
Job started at: Thu Aug  7 08:37:28 EDT 2025
Loading modules...
Activating Conda environment: drawings
Python executable: /home/horaja/.conda/envs/drawings/bin/python
----------------------------------------
--- Running model verification script... ---
--- Model Instantiated ---
Patch Size: 16

--- Verification ---
Input Magno Shape: torch.Size([4, 3, 224, 224])
Input Line Shape:  torch.Size([4, 1, 224, 224])
Output Logits Shape: torch.Size([4, 10])

Model forward pass successful!
--- Model verification finished. ---
----------------------------------------
Job finished at: Thu Aug  7 08:37:45 EDT 2025
--- Slurm Job Finished ---
