/home/horaja/.conda/envs/drawings/lib/python3.12/site-packages/timm/models/_factory.py:138: UserWarning: Mapping deprecated model name vit_base_patch16_224_in21k to current vit_base_patch16_224.augreg_in21k.
  model = create_fn(
Epoch 1/50 [Train]:   0%|          | 0/296 [00:00<?, ?it/s]Epoch 1/50 [Train]:   0%|          | 0/296 [00:01<?, ?it/s]
Traceback (most recent call last):
  File "/user_data/horaja/workspace/dual-stream-vlm/encoder/src/train.py", line 187, in <module>
    main(args)
  File "/user_data/horaja/workspace/dual-stream-vlm/encoder/src/train.py", line 108, in main
    outputs = model(magno_images, line_drawings)
              ^^^^^^^^^^^^^^^^^^^^^^^^^^^^^^^^^^
  File "/home/horaja/.conda/envs/drawings/lib/python3.12/site-packages/torch/nn/modules/module.py", line 1553, in _wrapped_call_impl
    return self._call_impl(*args, **kwargs)
           ^^^^^^^^^^^^^^^^^^^^^^^^^^^^^^^^
  File "/home/horaja/.conda/envs/drawings/lib/python3.12/site-packages/torch/nn/modules/module.py", line 1562, in _call_impl
    return forward_call(*args, **kwargs)
           ^^^^^^^^^^^^^^^^^^^^^^^^^^^^^
  File "/user_data/horaja/workspace/dual-stream-vlm/encoder/src/model.py", line 141, in forward
    all_magno_patches = self.vit.patch_embed(magno_image) # (B, num_patches, embed_dim)
                        ^^^^^^^^^^^^^^^^^^^^^^^^^^^^^^^^^
  File "/home/horaja/.conda/envs/drawings/lib/python3.12/site-packages/torch/nn/modules/module.py", line 1553, in _wrapped_call_impl
    return self._call_impl(*args, **kwargs)
           ^^^^^^^^^^^^^^^^^^^^^^^^^^^^^^^^
  File "/home/horaja/.conda/envs/drawings/lib/python3.12/site-packages/torch/nn/modules/module.py", line 1562, in _call_impl
    return forward_call(*args, **kwargs)
           ^^^^^^^^^^^^^^^^^^^^^^^^^^^^^
  File "/home/horaja/.conda/envs/drawings/lib/python3.12/site-packages/timm/layers/patch_embed.py", line 116, in forward
    _assert(H == self.img_size[0], f"Input height ({H}) doesn't match model ({self.img_size[0]}).")
  File "/home/horaja/.conda/envs/drawings/lib/python3.12/site-packages/torch/__init__.py", line 1777, in _assert
    assert condition, message
AssertionError: Input height (256) doesn't match model (224).
