--- Starting Slurm Job: SelectiveMagnoViT_Train (ID: 62099) ---
Running on host: mind-1-15
Allocated GPUs: 0
Job started at: Thu Aug  7 08:49:15 EDT 2025
Loading modules...
Activating Conda environment: drawings
Python executable: /home/horaja/.conda/envs/drawings/bin/python
----------------------------------------
--- Starting full training run... ---
Using device: cuda
Loading training data...
Found 9469 images in 'train' split.
Found 10 classes.
Loading validation data...
Found 3925 images in 'val' split.
Found 10 classes.
Number of classes: 10
Initializing model...
--- Starting Training ---
--- Training script finished. ---
Job finished at: Thu Aug  7 08:49:24 EDT 2025
--- Slurm Job Finished ---
