--- Starting Slurm Job: SelectiveMagnoViT_Train (ID: 62119) ---
Running on host: mind-1-19
Allocated GPUs: 0
Job started at: Thu Aug  7 11:13:32 EDT 2025
Loading modules...
Activating Conda environment: drawings
Python executable: /home/horaja/.conda/envs/drawings/bin/python
----------------------------------------
--- Starting full training run... ---
Using device: cuda
Loading training data...
Found 9469 images in 'train' split.
Found 10 classes.
Loading validation data...
Found 3925 images in 'val' split.
Found 10 classes.
Number of classes: 10
Initializing model...
--- Starting Training ---
Epoch 1/50 | Train Loss: 1.8193, Train Acc: 0.3581 | Val Loss: 1.6268, Val Acc: 0.4423 | Duration: 53.40s
New best model saved to models/checkpoints/best_model_pp0.15.pth with accuracy: 0.4423
Epoch 2/50 | Train Loss: 1.2056, Train Acc: 0.5971 | Val Loss: 1.3920, Val Acc: 0.5401 | Duration: 52.18s
New best model saved to models/checkpoints/best_model_pp0.15.pth with accuracy: 0.5401
Epoch 3/50 | Train Loss: 1.0057, Train Acc: 0.6699 | Val Loss: 1.2046, Val Acc: 0.6041 | Duration: 52.61s
New best model saved to models/checkpoints/best_model_pp0.15.pth with accuracy: 0.6041
Epoch 4/50 | Train Loss: 0.9214, Train Acc: 0.6924 | Val Loss: 1.4570, Val Acc: 0.5220 | Duration: 52.48s
Epoch 5/50 | Train Loss: 0.8550, Train Acc: 0.7156 | Val Loss: 1.1980, Val Acc: 0.6099 | Duration: 52.41s
New best model saved to models/checkpoints/best_model_pp0.15.pth with accuracy: 0.6099
Epoch 6/50 | Train Loss: 0.7921, Train Acc: 0.7352 | Val Loss: 1.2292, Val Acc: 0.6064 | Duration: 52.49s
Epoch 7/50 | Train Loss: 0.7435, Train Acc: 0.7528 | Val Loss: 1.2598, Val Acc: 0.5901 | Duration: 52.55s
Epoch 8/50 | Train Loss: 0.7031, Train Acc: 0.7659 | Val Loss: 1.2499, Val Acc: 0.5985 | Duration: 52.14s
Epoch 9/50 | Train Loss: 0.6548, Train Acc: 0.7803 | Val Loss: 1.1917, Val Acc: 0.6206 | Duration: 52.54s
New best model saved to models/checkpoints/best_model_pp0.15.pth with accuracy: 0.6206
Epoch 10/50 | Train Loss: 0.6186, Train Acc: 0.7954 | Val Loss: 1.2565, Val Acc: 0.6025 | Duration: 52.30s
Epoch 11/50 | Train Loss: 0.3949, Train Acc: 0.8708 | Val Loss: 1.1024, Val Acc: 0.6736 | Duration: 52.56s
New best model saved to models/checkpoints/best_model_pp0.15.pth with accuracy: 0.6736
Epoch 12/50 | Train Loss: 0.3137, Train Acc: 0.8945 | Val Loss: 1.1172, Val Acc: 0.6762 | Duration: 52.62s
New best model saved to models/checkpoints/best_model_pp0.15.pth with accuracy: 0.6762
Epoch 13/50 | Train Loss: 0.2813, Train Acc: 0.9059 | Val Loss: 1.1170, Val Acc: 0.6797 | Duration: 52.85s
New best model saved to models/checkpoints/best_model_pp0.15.pth with accuracy: 0.6797
Epoch 14/50 | Train Loss: 0.2447, Train Acc: 0.9205 | Val Loss: 1.1688, Val Acc: 0.6820 | Duration: 52.48s
New best model saved to models/checkpoints/best_model_pp0.15.pth with accuracy: 0.6820
Epoch 15/50 | Train Loss: 0.2267, Train Acc: 0.9226 | Val Loss: 1.1959, Val Acc: 0.6810 | Duration: 52.54s
Epoch 16/50 | Train Loss: 0.1960, Train Acc: 0.9341 | Val Loss: 1.1951, Val Acc: 0.6848 | Duration: 52.49s
New best model saved to models/checkpoints/best_model_pp0.15.pth with accuracy: 0.6848
Epoch 17/50 | Train Loss: 0.1858, Train Acc: 0.9398 | Val Loss: 1.2044, Val Acc: 0.6932 | Duration: 52.38s
New best model saved to models/checkpoints/best_model_pp0.15.pth with accuracy: 0.6932
Epoch 18/50 | Train Loss: 0.1913, Train Acc: 0.9381 | Val Loss: 1.2390, Val Acc: 0.6854 | Duration: 52.28s
Epoch 19/50 | Train Loss: 0.1695, Train Acc: 0.9434 | Val Loss: 1.2947, Val Acc: 0.6775 | Duration: 52.55s
Epoch 20/50 | Train Loss: 0.1546, Train Acc: 0.9498 | Val Loss: 1.2573, Val Acc: 0.6823 | Duration: 52.91s
Epoch 21/50 | Train Loss: 0.1293, Train Acc: 0.9585 | Val Loss: 1.2610, Val Acc: 0.6861 | Duration: 53.15s
Epoch 22/50 | Train Loss: 0.1184, Train Acc: 0.9609 | Val Loss: 1.2713, Val Acc: 0.6884 | Duration: 52.30s
Epoch 23/50 | Train Loss: 0.1170, Train Acc: 0.9613 | Val Loss: 1.2883, Val Acc: 0.6897 | Duration: 52.40s
Epoch 24/50 | Train Loss: 0.1192, Train Acc: 0.9619 | Val Loss: 1.3024, Val Acc: 0.6902 | Duration: 52.38s
Epoch 25/50 | Train Loss: 0.1081, Train Acc: 0.9659 | Val Loss: 1.3202, Val Acc: 0.6884 | Duration: 52.22s
Epoch 26/50 | Train Loss: 0.1085, Train Acc: 0.9640 | Val Loss: 1.3200, Val Acc: 0.6899 | Duration: 52.31s
Epoch 27/50 | Train Loss: 0.1055, Train Acc: 0.9658 | Val Loss: 1.3429, Val Acc: 0.6902 | Duration: 52.26s
Epoch 28/50 | Train Loss: 0.1113, Train Acc: 0.9639 | Val Loss: 1.3474, Val Acc: 0.6894 | Duration: 52.55s
Epoch 29/50 | Train Loss: 0.1041, Train Acc: 0.9632 | Val Loss: 1.3567, Val Acc: 0.6892 | Duration: 52.57s
Epoch 30/50 | Train Loss: 0.1081, Train Acc: 0.9656 | Val Loss: 1.3706, Val Acc: 0.6884 | Duration: 52.32s
Epoch 31/50 | Train Loss: 0.1020, Train Acc: 0.9688 | Val Loss: 1.3702, Val Acc: 0.6894 | Duration: 52.49s
Epoch 32/50 | Train Loss: 0.1021, Train Acc: 0.9681 | Val Loss: 1.3711, Val Acc: 0.6897 | Duration: 53.31s
Epoch 33/50 | Train Loss: 0.0994, Train Acc: 0.9675 | Val Loss: 1.3732, Val Acc: 0.6892 | Duration: 52.68s
Epoch 34/50 | Train Loss: 0.0938, Train Acc: 0.9702 | Val Loss: 1.3744, Val Acc: 0.6884 | Duration: 52.99s
Epoch 35/50 | Train Loss: 0.0996, Train Acc: 0.9676 | Val Loss: 1.3728, Val Acc: 0.6892 | Duration: 52.52s
Epoch 36/50 | Train Loss: 0.0980, Train Acc: 0.9695 | Val Loss: 1.3751, Val Acc: 0.6892 | Duration: 52.52s
Epoch 37/50 | Train Loss: 0.0955, Train Acc: 0.9687 | Val Loss: 1.3761, Val Acc: 0.6899 | Duration: 52.40s
Epoch 38/50 | Train Loss: 0.0969, Train Acc: 0.9700 | Val Loss: 1.3774, Val Acc: 0.6889 | Duration: 53.70s
Epoch 39/50 | Train Loss: 0.0926, Train Acc: 0.9699 | Val Loss: 1.3781, Val Acc: 0.6889 | Duration: 52.26s
Epoch 40/50 | Train Loss: 0.0966, Train Acc: 0.9668 | Val Loss: 1.3784, Val Acc: 0.6902 | Duration: 52.61s
Epoch 41/50 | Train Loss: 0.0988, Train Acc: 0.9672 | Val Loss: 1.3783, Val Acc: 0.6904 | Duration: 52.78s
Epoch 42/50 | Train Loss: 0.0969, Train Acc: 0.9674 | Val Loss: 1.3786, Val Acc: 0.6904 | Duration: 53.13s
Epoch 43/50 | Train Loss: 0.1041, Train Acc: 0.9664 | Val Loss: 1.3785, Val Acc: 0.6907 | Duration: 52.94s
Epoch 44/50 | Train Loss: 0.1002, Train Acc: 0.9679 | Val Loss: 1.3785, Val Acc: 0.6902 | Duration: 53.21s
Epoch 45/50 | Train Loss: 0.1005, Train Acc: 0.9683 | Val Loss: 1.3784, Val Acc: 0.6904 | Duration: 52.65s
Epoch 46/50 | Train Loss: 0.0929, Train Acc: 0.9699 | Val Loss: 1.3784, Val Acc: 0.6902 | Duration: 52.69s
Epoch 47/50 | Train Loss: 0.0982, Train Acc: 0.9676 | Val Loss: 1.3785, Val Acc: 0.6897 | Duration: 52.76s
Epoch 48/50 | Train Loss: 0.0918, Train Acc: 0.9712 | Val Loss: 1.3786, Val Acc: 0.6897 | Duration: 52.87s
Epoch 49/50 | Train Loss: 0.0969, Train Acc: 0.9685 | Val Loss: 1.3785, Val Acc: 0.6894 | Duration: 52.80s
Epoch 50/50 | Train Loss: 0.0961, Train Acc: 0.9697 | Val Loss: 1.3785, Val Acc: 0.6897 | Duration: 52.80s
--- Finished Training ---
Best validation accuracy: 0.6932
--- Training script finished. ---
Job finished at: Thu Aug  7 11:57:43 EDT 2025
--- Slurm Job Finished ---
